manifest-merger-debug-report.txt
-- Merging decision tree log ---
manifest
ADDED from src\main\AndroidManifest.xml:2:1-357:12
	package
		ADDED from src\main\AndroidManifest.xml:3:5-42
		INJECTED from src\main\AndroidManifest.xml
		INJECTED from src\main\AndroidManifest.xml
	android:versionName
		INJECTED from src\main\AndroidManifest.xml
		INJECTED from src\main\AndroidManifest.xml
	xmlns:android
		ADDED from src\main\AndroidManifest.xml:2:11-69
	android:versionCode
		INJECTED from src\main\AndroidManifest.xml
		INJECTED from src\main\AndroidManifest.xml
application
ADDED from src\main\AndroidManifest.xml:5:5-355:19
MERGED from [com.android.support:support-v4:21.0.3] AndroidManifest.xml:16:5-19
	android:label
		ADDED from src\main\AndroidManifest.xml:8:9-41
	android:allowBackup
		ADDED from src\main\AndroidManifest.xml:6:9-35
	android:icon
		ADDED from src\main\AndroidManifest.xml:7:9-42
	android:theme
		ADDED from src\main\AndroidManifest.xml:9:9-40
activity#company.com.tehiringaotereo.Splash
ADDED from src\main\AndroidManifest.xml:10:9-20:20
	android:screenOrientation
		ADDED from src\main\AndroidManifest.xml:13:13-49
	android:label
		ADDED from src\main\AndroidManifest.xml:12:13-45
	android:theme
		ADDED from src\main\AndroidManifest.xml:14:13-77
	android:name
		ADDED from src\main\AndroidManifest.xml:11:13-35
intent-filter#android.intent.action.MAIN+android.intent.category.LAUNCHER
ADDED from src\main\AndroidManifest.xml:15:13-19:29
action#android.intent.action.MAIN
ADDED from src\main\AndroidManifest.xml:16:17-69
	android:name
		ADDED from src\main\AndroidManifest.xml:16:25-66
category#android.intent.category.LAUNCHER
ADDED from src\main\AndroidManifest.xml:18:17-77
	android:name
		ADDED from src\main\AndroidManifest.xml:18:27-74
activity#company.com.tehiringaotereo.MainActivity
ADDED from src\main\AndroidManifest.xml:21:9-25:20
	android:screenOrientation
		ADDED from src\main\AndroidManifest.xml:24:13-49
	android:label
		ADDED from src\main\AndroidManifest.xml:23:13-45
	android:name
		ADDED from src\main\AndroidManifest.xml:22:13-41
activity#company.com.tehiringaotereo.AboutActivity
ADDED from src\main\AndroidManifest.xml:26:9-30:20
	android:screenOrientation
		ADDED from src\main\AndroidManifest.xml:29:13-49
	android:label
		ADDED from src\main\AndroidManifest.xml:28:13-57
	android:name
		ADDED from src\main\AndroidManifest.xml:27:13-42
activity#company.com.tehiringaotereo.GuidelinesActivity
ADDED from src\main\AndroidManifest.xml:31:9-35:20
	android:screenOrientation
		ADDED from src\main\AndroidManifest.xml:34:13-49
	android:label
		ADDED from src\main\AndroidManifest.xml:33:13-62
	android:name
		ADDED from src\main\AndroidManifest.xml:32:13-47
activity#company.com.tehiringaotereo.PrayerSongActivity
ADDED from src\main\AndroidManifest.xml:36:9-40:20
	android:screenOrientation
		ADDED from src\main\AndroidManifest.xml:39:13-49
	android:label
		ADDED from src\main\AndroidManifest.xml:38:13-63
	android:name
		ADDED from src\main\AndroidManifest.xml:37:13-47
activity#company.com.tehiringaotereo.Level1DetailsActivity
ADDED from src\main\AndroidManifest.xml:41:9-44:20
	android:screenOrientation
		ADDED from src\main\AndroidManifest.xml:43:13-49
	android:name
		ADDED from src\main\AndroidManifest.xml:42:13-50
activity#company.com.tehiringaotereo.Day1TopicsActivity
ADDED from src\main\AndroidManifest.xml:45:9-49:20
	android:screenOrientation
		ADDED from src\main\AndroidManifest.xml:48:13-49
	android:label
		ADDED from src\main\AndroidManifest.xml:47:13-29
	android:name
		ADDED from src\main\AndroidManifest.xml:46:13-47
activity#company.com.tehiringaotereo.Level1Day1Topic1Activity
ADDED from src\main\AndroidManifest.xml:50:9-54:20
	android:screenOrientation
		ADDED from src\main\AndroidManifest.xml:53:13-49
	android:label
		ADDED from src\main\AndroidManifest.xml:52:13-64
	android:name
		ADDED from src\main\AndroidManifest.xml:51:13-53
activity#company.com.tehiringaotereo.Level1Day1Topic2Activity
ADDED from src\main\AndroidManifest.xml:55:9-59:20
	android:screenOrientation
		ADDED from src\main\AndroidManifest.xml:58:13-49
	android:label
		ADDED from src\main\AndroidManifest.xml:57:13-64
	android:name
		ADDED from src\main\AndroidManifest.xml:56:13-53
activity#company.com.tehiringaotereo.Level1Day1Topic3Activity
ADDED from src\main\AndroidManifest.xml:60:9-64:20
	android:screenOrientation
		ADDED from src\main\AndroidManifest.xml:63:13-49
	android:label
		ADDED from src\main\AndroidManifest.xml:62:13-64
	android:name
		ADDED from src\main\AndroidManifest.xml:61:13-53
activity#company.com.tehiringaotereo.Level1Day1ExerciseActivity
ADDED from src\main\AndroidManifest.xml:65:9-69:20
	android:screenOrientation
		ADDED from src\main\AndroidManifest.xml:68:13-49
	android:label
		ADDED from src\main\AndroidManifest.xml:67:13-38
	android:name
		ADDED from src\main\AndroidManifest.xml:66:13-55
activity#company.com.tehiringaotereo.Level1Day4Topic1Activity
ADDED from src\main\AndroidManifest.xml:70:9-74:20
	android:screenOrientation
		ADDED from src\main\AndroidManifest.xml:73:13-49
	android:label
		ADDED from src\main\AndroidManifest.xml:72:13-40
	android:name
		ADDED from src\main\AndroidManifest.xml:71:13-53
activity#company.com.tehiringaotereo.Level1Day4Topic2Activity
ADDED from src\main\AndroidManifest.xml:75:9-79:20
	android:screenOrientation
		ADDED from src\main\AndroidManifest.xml:78:13-49
	android:label
		ADDED from src\main\AndroidManifest.xml:77:13-45
	android:name
		ADDED from src\main\AndroidManifest.xml:76:13-53
activity#company.com.tehiringaotereo.Level1Day4Topic3Activity
ADDED from src\main\AndroidManifest.xml:80:9-84:20
	android:screenOrientation
		ADDED from src\main\AndroidManifest.xml:83:13-49
	android:label
		ADDED from src\main\AndroidManifest.xml:82:13-38
	android:name
		ADDED from src\main\AndroidManifest.xml:81:13-53
activity#company.com.tehiringaotereo.Level1Day4ExerciseActivity
ADDED from src\main\AndroidManifest.xml:85:9-89:20
	android:screenOrientation
		ADDED from src\main\AndroidManifest.xml:88:13-49
	android:label
		ADDED from src\main\AndroidManifest.xml:87:13-38
	android:name
		ADDED from src\main\AndroidManifest.xml:86:13-55
activity#company.com.tehiringaotereo.Level1Day2Topic1Activity
ADDED from src\main\AndroidManifest.xml:90:9-94:20
	android:screenOrientation
		ADDED from src\main\AndroidManifest.xml:93:13-49
	android:label
		ADDED from src\main\AndroidManifest.xml:92:13-40
	android:name
		ADDED from src\main\AndroidManifest.xml:91:13-53
activity#company.com.tehiringaotereo.Level1Day2Topic2Activity
ADDED from src\main\AndroidManifest.xml:95:9-99:20
	android:screenOrientation
		ADDED from src\main\AndroidManifest.xml:98:13-49
	android:label
		ADDED from src\main\AndroidManifest.xml:97:13-45
	android:name
		ADDED from src\main\AndroidManifest.xml:96:13-53
activity#company.com.tehiringaotereo.Level1Day2Topic3Activity
ADDED from src\main\AndroidManifest.xml:100:9-104:20
	android:screenOrientation
		ADDED from src\main\AndroidManifest.xml:103:13-49
	android:label
		ADDED from src\main\AndroidManifest.xml:102:13-38
	android:name
		ADDED from src\main\AndroidManifest.xml:101:13-53
activity#company.com.tehiringaotereo.Level1Day2ExerciseActivity
ADDED from src\main\AndroidManifest.xml:105:9-109:20
	android:screenOrientation
		ADDED from src\main\AndroidManifest.xml:108:13-49
	android:label
		ADDED from src\main\AndroidManifest.xml:107:13-38
	android:name
		ADDED from src\main\AndroidManifest.xml:106:13-55
activity#company.com.tehiringaotereo.Level1Day3Topic1Activity
ADDED from src\main\AndroidManifest.xml:110:9-114:20
	android:screenOrientation
		ADDED from src\main\AndroidManifest.xml:113:13-49
	android:label
		ADDED from src\main\AndroidManifest.xml:112:13-40
	android:name
		ADDED from src\main\AndroidManifest.xml:111:13-53
activity#company.com.tehiringaotereo.Level1Day3Topic2Activity
ADDED from src\main\AndroidManifest.xml:115:9-119:20
	android:screenOrientation
		ADDED from src\main\AndroidManifest.xml:118:13-49
	android:label
		ADDED from src\main\AndroidManifest.xml:117:13-45
	android:name
		ADDED from src\main\AndroidManifest.xml:116:13-53
activity#company.com.tehiringaotereo.Level1Day3Topic3Activity
ADDED from src\main\AndroidManifest.xml:120:9-124:20
	android:screenOrientation
		ADDED from src\main\AndroidManifest.xml:123:13-49
	android:label
		ADDED from src\main\AndroidManifest.xml:122:13-38
	android:name
		ADDED from src\main\AndroidManifest.xml:121:13-53
activity#company.com.tehiringaotereo.Level1Day3ExerciseActivity
ADDED from src\main\AndroidManifest.xml:125:9-129:20
	android:screenOrientation
		ADDED from src\main\AndroidManifest.xml:128:13-49
	android:label
		ADDED from src\main\AndroidManifest.xml:127:13-38
	android:name
		ADDED from src\main\AndroidManifest.xml:126:13-55
activity#company.com.tehiringaotereo.Level1Day5Topic1Activity
ADDED from src\main\AndroidManifest.xml:130:9-134:20
	android:screenOrientation
		ADDED from src\main\AndroidManifest.xml:133:13-49
	android:label
		ADDED from src\main\AndroidManifest.xml:132:13-38
	android:name
		ADDED from src\main\AndroidManifest.xml:131:13-53
activity#company.com.tehiringaotereo.Level1Day5Topic2Activity
ADDED from src\main\AndroidManifest.xml:135:9-139:20
	android:screenOrientation
		ADDED from src\main\AndroidManifest.xml:138:13-49
	android:label
		ADDED from src\main\AndroidManifest.xml:137:13-38
	android:name
		ADDED from src\main\AndroidManifest.xml:136:13-53
activity#company.com.tehiringaotereo.Level1Day5ExerciseActivity
ADDED from src\main\AndroidManifest.xml:140:9-144:20
	android:screenOrientation
		ADDED from src\main\AndroidManifest.xml:143:13-49
	android:label
		ADDED from src\main\AndroidManifest.xml:142:13-38
	android:name
		ADDED from src\main\AndroidManifest.xml:141:13-55
activity#company.com.tehiringaotereo.Level2DetailsActivity
ADDED from src\main\AndroidManifest.xml:145:9-148:20
	android:label
		ADDED from src\main\AndroidManifest.xml:147:13-29
	android:name
		ADDED from src\main\AndroidManifest.xml:146:13-50
activity#company.com.tehiringaotereo.Level2TopicsActivity
ADDED from src\main\AndroidManifest.xml:149:9-152:20
	android:label
		ADDED from src\main\AndroidManifest.xml:151:13-65
	android:name
		ADDED from src\main\AndroidManifest.xml:150:13-49
activity#company.com.tehiringaotereo.Level2Day1Topic1Activity
ADDED from src\main\AndroidManifest.xml:153:9-156:20
	android:label
		ADDED from src\main\AndroidManifest.xml:155:13-70
	android:name
		ADDED from src\main\AndroidManifest.xml:154:13-53
activity#company.com.tehiringaotereo.Level2Day1Topic2Activity
ADDED from src\main\AndroidManifest.xml:157:9-160:20
	android:label
		ADDED from src\main\AndroidManifest.xml:159:13-70
	android:name
		ADDED from src\main\AndroidManifest.xml:158:13-53
activity#company.com.tehiringaotereo.Level2Day1Topic3Activity
ADDED from src\main\AndroidManifest.xml:161:9-164:20
	android:label
		ADDED from src\main\AndroidManifest.xml:163:13-70
	android:name
		ADDED from src\main\AndroidManifest.xml:162:13-53
activity#company.com.tehiringaotereo.Level2Day1ExerciseActivity
ADDED from src\main\AndroidManifest.xml:165:9-168:20
	android:label
		ADDED from src\main\AndroidManifest.xml:167:13-72
	android:name
		ADDED from src\main\AndroidManifest.xml:166:13-55
activity#company.com.tehiringaotereo.Level2Day2Topic1Activity
ADDED from src\main\AndroidManifest.xml:169:9-172:20
	android:label
		ADDED from src\main\AndroidManifest.xml:171:13-40
	android:name
		ADDED from src\main\AndroidManifest.xml:170:13-53
activity#company.com.tehiringaotereo.Level2Day2Topic2Activity
ADDED from src\main\AndroidManifest.xml:173:9-176:20
	android:label
		ADDED from src\main\AndroidManifest.xml:175:13-29
	android:name
		ADDED from src\main\AndroidManifest.xml:174:13-53
activity#company.com.tehiringaotereo.Level2Day2Topic3Activity
ADDED from src\main\AndroidManifest.xml:177:9-180:20
	android:label
		ADDED from src\main\AndroidManifest.xml:179:13-29
	android:name
		ADDED from src\main\AndroidManifest.xml:178:13-53
activity#company.com.tehiringaotereo.Level2Day2ExerciseActivity
ADDED from src\main\AndroidManifest.xml:181:9-184:20
	android:label
		ADDED from src\main\AndroidManifest.xml:183:13-29
	android:name
		ADDED from src\main\AndroidManifest.xml:182:13-55
activity#company.com.tehiringaotereo.Level2Day3Topic1Activity
ADDED from src\main\AndroidManifest.xml:185:9-188:20
	android:label
		ADDED from src\main\AndroidManifest.xml:187:13-70
	android:name
		ADDED from src\main\AndroidManifest.xml:186:13-53
activity#company.com.tehiringaotereo.Level2Day3Topic2Activity
ADDED from src\main\AndroidManifest.xml:189:9-192:20
	android:label
		ADDED from src\main\AndroidManifest.xml:191:13-70
	android:name
		ADDED from src\main\AndroidManifest.xml:190:13-53
activity#company.com.tehiringaotereo.Level2Day3Topic3Activity
ADDED from src\main\AndroidManifest.xml:193:9-196:20
	android:label
		ADDED from src\main\AndroidManifest.xml:195:13-70
	android:name
		ADDED from src\main\AndroidManifest.xml:194:13-53
activity#company.com.tehiringaotereo.Level2Day3ExerciseActivity
ADDED from src\main\AndroidManifest.xml:197:9-200:20
	android:label
		ADDED from src\main\AndroidManifest.xml:199:13-72
	android:name
		ADDED from src\main\AndroidManifest.xml:198:13-55
activity#company.com.tehiringaotereo.Level2Day4Topic1Activity
ADDED from src\main\AndroidManifest.xml:201:9-204:20
	android:label
		ADDED from src\main\AndroidManifest.xml:203:13-70
	android:name
		ADDED from src\main\AndroidManifest.xml:202:13-53
activity#company.com.tehiringaotereo.Level2Day4Topic2Activity
ADDED from src\main\AndroidManifest.xml:205:9-208:20
	android:label
		ADDED from src\main\AndroidManifest.xml:207:13-70
	android:name
		ADDED from src\main\AndroidManifest.xml:206:13-53
activity#company.com.tehiringaotereo.Level2Day4Topic3Activity
ADDED from src\main\AndroidManifest.xml:209:9-212:20
	android:label
		ADDED from src\main\AndroidManifest.xml:211:13-70
	android:name
		ADDED from src\main\AndroidManifest.xml:210:13-53
activity#company.com.tehiringaotereo.Level2Day4ExerciseActivity
ADDED from src\main\AndroidManifest.xml:213:9-216:20
	android:label
		ADDED from src\main\AndroidManifest.xml:215:13-38
	android:name
		ADDED from src\main\AndroidManifest.xml:214:13-55
activity#company.com.tehiringaotereo.Level3DetailsActivity
ADDED from src\main\AndroidManifest.xml:217:9-220:20
	android:label
		ADDED from src\main\AndroidManifest.xml:219:13-36
	android:name
		ADDED from src\main\AndroidManifest.xml:218:13-50
activity#company.com.tehiringaotereo.Level3TopicsActivity
ADDED from src\main\AndroidManifest.xml:221:9-224:20
	android:label
		ADDED from src\main\AndroidManifest.xml:223:13-36
	android:name
		ADDED from src\main\AndroidManifest.xml:222:13-49
activity#company.com.tehiringaotereo.Level3Day1Topic1Activity
ADDED from src\main\AndroidManifest.xml:225:9-226:20
	android:name
		ADDED from src\main\AndroidManifest.xml:225:19-59
activity#company.com.tehiringaotereo.Level3Day1Topic2Activity
ADDED from src\main\AndroidManifest.xml:227:9-228:20
	android:name
		ADDED from src\main\AndroidManifest.xml:227:19-59
activity#company.com.tehiringaotereo.Level3Day1ExerciseActivity
ADDED from src\main\AndroidManifest.xml:229:9-232:20
	android:label
		ADDED from src\main\AndroidManifest.xml:231:13-38
	android:name
		ADDED from src\main\AndroidManifest.xml:230:13-55
activity#company.com.tehiringaotereo.Level3Day2Topic1Activity
ADDED from src\main\AndroidManifest.xml:233:9-234:20
	android:name
		ADDED from src\main\AndroidManifest.xml:233:19-59
activity#company.com.tehiringaotereo.Level3Day2Topic2Activity
ADDED from src\main\AndroidManifest.xml:235:9-236:20
	android:name
		ADDED from src\main\AndroidManifest.xml:235:19-59
activity#company.com.tehiringaotereo.Level3Day3Topic1Activity
ADDED from src\main\AndroidManifest.xml:237:9-238:20
	android:name
		ADDED from src\main\AndroidManifest.xml:237:19-59
activity#company.com.tehiringaotereo.Level3Day3Topic2Activity
ADDED from src\main\AndroidManifest.xml:239:9-240:20
	android:name
		ADDED from src\main\AndroidManifest.xml:239:19-59
activity#company.com.tehiringaotereo.Level3Day4Topic1Activity
ADDED from src\main\AndroidManifest.xml:241:9-242:20
	android:name
		ADDED from src\main\AndroidManifest.xml:241:19-59
activity#company.com.tehiringaotereo.Level3Day4Topic2Activity
ADDED from src\main\AndroidManifest.xml:243:9-244:20
	android:name
		ADDED from src\main\AndroidManifest.xml:243:19-59
activity#company.com.tehiringaotereo.Level3Day5Topic2Activity
ADDED from src\main\AndroidManifest.xml:245:9-246:20
	android:name
		ADDED from src\main\AndroidManifest.xml:245:19-59
activity#company.com.tehiringaotereo.Level3Day5Topic1Activity
ADDED from src\main\AndroidManifest.xml:247:9-248:20
	android:name
		ADDED from src\main\AndroidManifest.xml:247:19-59
activity#company.com.tehiringaotereo.Level3Day2ExerciseActivity
ADDED from src\main\AndroidManifest.xml:249:9-252:20
	android:label
		ADDED from src\main\AndroidManifest.xml:251:13-38
	android:name
		ADDED from src\main\AndroidManifest.xml:250:13-55
activity#company.com.tehiringaotereo.Level3Day3ExerciseActivity
ADDED from src\main\AndroidManifest.xml:253:9-256:20
	android:label
		ADDED from src\main\AndroidManifest.xml:255:13-38
	android:name
		ADDED from src\main\AndroidManifest.xml:254:13-55
activity#company.com.tehiringaotereo.Level3Day4ExerciseActivity
ADDED from src\main\AndroidManifest.xml:257:9-260:20
	android:label
		ADDED from src\main\AndroidManifest.xml:259:13-38
	android:name
		ADDED from src\main\AndroidManifest.xml:258:13-55
activity#company.com.tehiringaotereo.Level3Day5ExerciseActivity
ADDED from src\main\AndroidManifest.xml:261:9-264:20
	android:label
		ADDED from src\main\AndroidManifest.xml:263:13-38
	android:name
		ADDED from src\main\AndroidManifest.xml:262:13-55
activity#company.com.tehiringaotereo.Level4DetailsActivity
ADDED from src\main\AndroidManifest.xml:265:9-268:20
	android:label
		ADDED from src\main\AndroidManifest.xml:267:13-36
	android:name
		ADDED from src\main\AndroidManifest.xml:266:13-50
activity#company.com.tehiringaotereo.Level4TopicsActivity
ADDED from src\main\AndroidManifest.xml:269:9-272:20
	android:label
		ADDED from src\main\AndroidManifest.xml:271:13-36
	android:name
		ADDED from src\main\AndroidManifest.xml:270:13-49
activity#company.com.tehiringaotereo.Level4Day1Topic1Activity
ADDED from src\main\AndroidManifest.xml:273:9-274:20
	android:name
		ADDED from src\main\AndroidManifest.xml:273:19-59
activity#company.com.tehiringaotereo.Level4Day1Topic2Activity
ADDED from src\main\AndroidManifest.xml:275:9-278:20
	android:label
		ADDED from src\main\AndroidManifest.xml:277:13-70
	android:name
		ADDED from src\main\AndroidManifest.xml:276:13-53
activity#company.com.tehiringaotereo.Level4Day1Topic3Activity
ADDED from src\main\AndroidManifest.xml:279:9-282:20
	android:label
		ADDED from src\main\AndroidManifest.xml:281:13-70
	android:name
		ADDED from src\main\AndroidManifest.xml:280:13-53
activity#company.com.tehiringaotereo.Level4Day2Topic1Activity
ADDED from src\main\AndroidManifest.xml:283:9-286:20
	android:label
		ADDED from src\main\AndroidManifest.xml:285:13-70
	android:name
		ADDED from src\main\AndroidManifest.xml:284:13-53
activity#company.com.tehiringaotereo.Level4Day2Topic2Activity
ADDED from src\main\AndroidManifest.xml:287:9-290:20
	android:label
		ADDED from src\main\AndroidManifest.xml:289:13-70
	android:name
		ADDED from src\main\AndroidManifest.xml:288:13-53
activity#company.com.tehiringaotereo.Level4Day2Topic3Activity
ADDED from src\main\AndroidManifest.xml:291:9-294:20
	android:label
		ADDED from src\main\AndroidManifest.xml:293:13-70
	android:name
		ADDED from src\main\AndroidManifest.xml:292:13-53
activity#company.com.tehiringaotereo.Level4Day3Topic1Activity
ADDED from src\main\AndroidManifest.xml:295:9-298:20
	android:label
		ADDED from src\main\AndroidManifest.xml:297:13-70
	android:name
		ADDED from src\main\AndroidManifest.xml:296:13-53
activity#company.com.tehiringaotereo.Level4Day3Topic2Activity
ADDED from src\main\AndroidManifest.xml:299:9-302:20
	android:label
		ADDED from src\main\AndroidManifest.xml:301:13-70
	android:name
		ADDED from src\main\AndroidManifest.xml:300:13-53
activity#company.com.tehiringaotereo.Level4Day3Topic3Activity
ADDED from src\main\AndroidManifest.xml:303:9-306:20
	android:label
		ADDED from src\main\AndroidManifest.xml:305:13-70
	android:name
		ADDED from src\main\AndroidManifest.xml:304:13-53
activity#company.com.tehiringaotereo.Level4Day4Topic1Activity
ADDED from src\main\AndroidManifest.xml:307:9-310:20
	android:label
		ADDED from src\main\AndroidManifest.xml:309:13-70
	android:name
		ADDED from src\main\AndroidManifest.xml:308:13-53
activity#company.com.tehiringaotereo.Level4Day4Topic2Activity
ADDED from src\main\AndroidManifest.xml:311:9-314:20
	android:label
		ADDED from src\main\AndroidManifest.xml:313:13-70
	android:name
		ADDED from src\main\AndroidManifest.xml:312:13-53
activity#company.com.tehiringaotereo.Level4Day4Topic3Activity
ADDED from src\main\AndroidManifest.xml:315:9-318:20
	android:label
		ADDED from src\main\AndroidManifest.xml:317:13-70
	android:name
		ADDED from src\main\AndroidManifest.xml:316:13-53
activity#company.com.tehiringaotereo.Level4Day5Topic1Activity
ADDED from src\main\AndroidManifest.xml:319:9-322:20
	android:label
		ADDED from src\main\AndroidManifest.xml:321:13-70
	android:name
		ADDED from src\main\AndroidManifest.xml:320:13-53
activity#company.com.tehiringaotereo.Level4Day5Topic2Activity
ADDED from src\main\AndroidManifest.xml:323:9-326:20
	android:label
		ADDED from src\main\AndroidManifest.xml:325:13-70
	android:name
		ADDED from src\main\AndroidManifest.xml:324:13-53
activity#company.com.tehiringaotereo.Level4Day1ExerciseActivity
ADDED from src\main\AndroidManifest.xml:327:9-330:20
	android:label
		ADDED from src\main\AndroidManifest.xml:329:13-38
	android:name
		ADDED from src\main\AndroidManifest.xml:328:13-55
activity#company.com.tehiringaotereo.Level4Day2ExerciseActivity
ADDED from src\main\AndroidManifest.xml:331:9-334:20
	android:label
		ADDED from src\main\AndroidManifest.xml:333:13-38
	android:name
		ADDED from src\main\AndroidManifest.xml:332:13-55
activity#company.com.tehiringaotereo.Level4Day3ExerciseActivity
ADDED from src\main\AndroidManifest.xml:335:9-338:20
	android:label
		ADDED from src\main\AndroidManifest.xml:337:13-38
	android:name
		ADDED from src\main\AndroidManifest.xml:336:13-55
activity#company.com.tehiringaotereo.Level4Day4ExerciseActivity
ADDED from src\main\AndroidManifest.xml:339:9-342:20
	android:label
		ADDED from src\main\AndroidManifest.xml:341:13-38
	android:name
		ADDED from src\main\AndroidManifest.xml:340:13-55
activity#company.com.tehiringaotereo.Level2Day2Topic2a
ADDED from src\main\AndroidManifest.xml:343:9-346:20
	android:label
		ADDED from src\main\AndroidManifest.xml:345:13-71
	android:name
		ADDED from src\main\AndroidManifest.xml:344:13-46
activity#company.com.tehiringaotereo.Level2Day2Topic2b
ADDED from src\main\AndroidManifest.xml:347:9-350:20
	android:label
		ADDED from src\main\AndroidManifest.xml:349:13-71
	android:name
		ADDED from src\main\AndroidManifest.xml:348:13-46
activity#company.com.tehiringaotereo.Level2Day2Topic2c
ADDED from src\main\AndroidManifest.xml:351:9-354:20
	android:label
		ADDED from src\main\AndroidManifest.xml:353:13-71
	android:name
		ADDED from src\main\AndroidManifest.xml:352:13-46
uses-sdk
INJECTED from src\main\AndroidManifest.xml reason: use-sdk injection requested
MERGED from [com.android.support:support-v4:21.0.3] AndroidManifest.xml:15:5-42
	android:targetSdkVersion
		INJECTED from src\main\AndroidManifest.xml
		INJECTED from src\main\AndroidManifest.xml
	android:minSdkVersion
		INJECTED from src\main\AndroidManifest.xml
		INJECTED from src\main\AndroidManifest.xml